\BOOKMARK [0][]{toc.0}{Table of Contents}{}% 1
\BOOKMARK [0][]{chapter*.6}{Prologue}{}% 2
\BOOKMARK [0][]{chapter.1}{1 Introduction}{}% 3
\BOOKMARK [1][-]{section.1.1}{1.1 Ion beam therapy}{chapter.1}% 4
\BOOKMARK [2][-]{subsection.1.1.1}{1.1.1 Physics}{section.1.1}% 5
\BOOKMARK [2][-]{subsection.1.1.2}{1.1.2 Advantages and drawbacks}{section.1.1}% 6
\BOOKMARK [2][-]{subsection.1.1.3}{1.1.3 Range verification}{section.1.1}% 7
\BOOKMARK [2][-]{subsection.1.1.4}{1.1.4 Secondary radiations}{section.1.1}% 8
\BOOKMARK [2][-]{subsection.1.1.5}{1.1.5 Prompt-gammas: physics and features}{section.1.1}% 9
\BOOKMARK [2][-]{subsection.1.1.6}{1.1.6 State of the art of range verification}{section.1.1}% 10
\BOOKMARK [1][-]{section.1.2}{1.2 Nuclear medicine}{chapter.1}% 11
\BOOKMARK [2][-]{subsection.1.2.1}{1.2.1 PET and SPECT}{section.1.2}% 12
\BOOKMARK [2][-]{subsection.1.2.2}{1.2.2 Comparison, advantages and drawbacks}{section.1.2}% 13
\BOOKMARK [2][-]{subsection.1.2.3}{1.2.3 State of the art of SPECT}{section.1.2}% 14
\BOOKMARK [1][-]{section.1.3}{1.3 Photons}{chapter.1}% 15
\BOOKMARK [2][-]{subsection.1.3.1}{1.3.1 Photon interactions in matter}{section.1.3}% 16
\BOOKMARK [2][-]{subsection.1.3.2}{1.3.2 Photon detection}{section.1.3}% 17
\BOOKMARK [0][]{chapter.2}{2 Gamma cameras}{}% 18
\BOOKMARK [1][-]{section.2.1}{2.1 Working principle}{chapter.2}% 19
\BOOKMARK [1][-]{section.2.2}{2.2 Applications in medicine}{chapter.2}% 20
\BOOKMARK [2][-]{subsection.2.2.1}{2.2.1 Ion beam therapy}{section.2.2}% 21
\BOOKMARK [2][-]{subsection.2.2.2}{2.2.2 Nuclear medicine}{section.2.2}% 22
\BOOKMARK [1][-]{section.2.3}{2.3 State of the art}{chapter.2}% 23
\BOOKMARK [0][]{chapter.3}{3 CLaRyS prototypes}{}% 24
\BOOKMARK [1][-]{section.3.1}{3.1 Hardware setup}{chapter.3}% 25
\BOOKMARK [2][-]{subsection.3.1.1}{3.1.1 Scatterer and collimator}{section.3.1}% 26
\BOOKMARK [2][-]{subsection.3.1.2}{3.1.2 Absorber}{section.3.1}% 27
\BOOKMARK [2][-]{subsection.3.1.3}{3.1.3 Beam tagging hodoscope}{section.3.1}% 28
\BOOKMARK [2][-]{subsection.3.1.4}{3.1.4 Acquisition system}{section.3.1}% 29
\BOOKMARK [2][-]{subsection.3.1.5}{3.1.5 Electronics}{section.3.1}% 30
\BOOKMARK [2][-]{subsection.3.1.6}{3.1.6 Mechanics}{section.3.1}% 31
\BOOKMARK [1][-]{section.3.2}{3.2 Status of instrumental development}{chapter.3}% 32
\BOOKMARK [1][-]{section.3.3}{3.3 Performed tests}{chapter.3}% 33
\BOOKMARK [1][-]{section.3.4}{3.4 Next steps and perspectives}{chapter.3}% 34
\BOOKMARK [0][]{chapter.4}{4 Compton camera application for ion beam therapy monitoring}{}% 35
\BOOKMARK [1][-]{section.4.1}{4.1 Introduction}{chapter.4}% 36
\BOOKMARK [1][-]{section.4.2}{4.2 Material and methods}{chapter.4}% 37
\BOOKMARK [2][-]{subsection.4.2.1}{4.2.1 Simulation setup}{section.4.2}% 38
\BOOKMARK [2][-]{subsection.4.2.2}{4.2.2 Beam structure}{section.4.2}% 39
\BOOKMARK [3][-]{subsubsection.4.2.2.1}{4.2.2.1 Beam structure measurements at HIT}{subsection.4.2.2}% 40
\BOOKMARK [3][-]{subsubsection.4.2.2.2}{4.2.2.2 Beam modeling}{subsection.4.2.2}% 41
\BOOKMARK [2][-]{subsection.4.2.3}{4.2.3 TOF and energy based data selection}{section.4.2}% 42
\BOOKMARK [2][-]{subsection.4.2.4}{4.2.4 Reconstruction algorithms}{section.4.2}% 43
\BOOKMARK [3][-]{subsubsection.4.2.4.1}{4.2.4.1 Line-cone algorithm}{subsection.4.2.4}% 44
\BOOKMARK [3][-]{subsubsection.4.2.4.2}{4.2.4.2 LM-MLEM algorithm}{subsection.4.2.4}% 45
\BOOKMARK [2][-]{subsection.4.2.5}{4.2.5 Performance study}{section.4.2}% 46
\BOOKMARK [3][-]{subsubsection.4.2.5.1}{4.2.5.1 Absolute detection efficiency}{subsection.4.2.5}% 47
\BOOKMARK [3][-]{subsubsection.4.2.5.2}{4.2.5.2 Rate of random coincidences}{subsection.4.2.5}% 48
\BOOKMARK [3][-]{subsubsection.4.2.5.3}{4.2.5.3 Camera precision}{subsection.4.2.5}% 49
\BOOKMARK [1][-]{section.4.3}{4.3 Results}{chapter.4}% 50
\BOOKMARK [2][-]{subsection.4.3.1}{4.3.1 Absolute detection efficiency}{section.4.3}% 51
\BOOKMARK [2][-]{subsection.4.3.2}{4.3.2 Rate of random coincidences}{section.4.3}% 52
\BOOKMARK [2][-]{subsection.4.3.3}{4.3.3 Camera precision}{section.4.3}% 53
\BOOKMARK [1][-]{section.4.4}{4.4 Discussion}{chapter.4}% 54
\BOOKMARK [0][]{chapter.5}{5 Compton camera application in nuclear medicine}{}% 55
\BOOKMARK [1][-]{section.5.1}{5.1 Introduction}{chapter.5}% 56
\BOOKMARK [1][-]{section.5.2}{5.2 Material and methods}{chapter.5}% 57
\BOOKMARK [2][-]{subsection.5.2.1}{5.2.1 Radioactive sources}{section.5.2}% 58
\BOOKMARK [2][-]{subsection.5.2.2}{5.2.2 Compton camera simulation and data analysis}{section.5.2}% 59
\BOOKMARK [3][-]{subsubsection.5.2.2.1}{5.2.2.1 Simulation settings}{subsection.5.2.2}% 60
\BOOKMARK [3][-]{subsubsection.5.2.2.2}{5.2.2.2 Data collection and analysis}{subsection.5.2.2}% 61
\BOOKMARK [3][-]{subsubsection.5.2.2.3}{5.2.2.3 Compton camera study for SPECT application}{subsection.5.2.2}% 62
\BOOKMARK [2][-]{subsection.5.2.3}{5.2.3 Anger camera simulation and data analysis}{section.5.2}% 63
\BOOKMARK [3][-]{subsubsection.5.2.3.1}{5.2.3.1 Simulation settings}{subsection.5.2.3}% 64
\BOOKMARK [3][-]{subsubsection.5.2.3.2}{5.2.3.2 Data analysis}{subsection.5.2.3}% 65
\BOOKMARK [2][-]{subsection.5.2.4}{5.2.4 Figures of merit for the comparison study}{section.5.2}% 66
\BOOKMARK [1][-]{section.5.3}{5.3 Results: Compton camera study for SPECT application}{chapter.5}% 67
\BOOKMARK [2][-]{subsection.5.3.1}{5.3.1 Influence of Compton camera scatterer detector energy resolution}{section.5.3}% 68
\BOOKMARK [2][-]{subsection.5.3.2}{5.3.2 Compton camera coincidence study}{section.5.3}% 69
\BOOKMARK [1][-]{section.5.4}{5.4 Results: Benchmark of Compton camera and Anger camera performance}{chapter.5}% 70
\BOOKMARK [1][-]{section.5.5}{5.5 Discussion}{chapter.5}% 71
\BOOKMARK [0][]{chapter.6}{6 Beam tests}{}% 72
\BOOKMARK [1][-]{section.6.1}{6.1 Hodoscope: december 2017}{chapter.6}% 73
\BOOKMARK [1][-]{section.6.2}{6.2 Hodoscope: april 2018}{chapter.6}% 74
\BOOKMARK [1][-]{section.6.3}{6.3 Collimated camera: september 2018}{chapter.6}% 75
\BOOKMARK [0][]{chapter.7}{7 Conclusions and discussion}{}% 76
\BOOKMARK [0][]{appendix.A}{A Compton camera data format}{}% 77
\BOOKMARK [1][-]{section.A.1}{A.1 Introduction}{appendix.A}% 78
\BOOKMARK [1][-]{section.A.2}{A.2 General features}{appendix.A}% 79
\BOOKMARK [2][-]{subsection.A.2.1}{A.2.1 Common information}{section.A.2}% 80
\BOOKMARK [3][-]{subsubsection.A.2.1.1}{A.2.1.1 Front End number}{subsection.A.2.1}% 81
\BOOKMARK [3][-]{subsubsection.A.2.1.2}{A.2.1.2 Pre-trigger and trigger}{subsection.A.2.1}% 82
\BOOKMARK [3][-]{subsubsection.A.2.1.3}{A.2.1.3 Mode number}{subsection.A.2.1}% 83
\BOOKMARK [1][-]{section.A.3}{A.3 Physical data format}{appendix.A}% 84
\BOOKMARK [2][-]{subsection.A.3.1}{A.3.1 Scatterer detector data format}{section.A.3}% 85
\BOOKMARK [2][-]{subsection.A.3.2}{A.3.2 Absorber detector data format}{section.A.3}% 86
\BOOKMARK [2][-]{subsection.A.3.3}{A.3.3 Beam hodoscope data format}{section.A.3}% 87
\BOOKMARK [1][-]{section.A.4}{A.4 Slow control, trigger and monitoring data format}{appendix.A}% 88
\BOOKMARK [2][-]{subsection.A.4.1}{A.4.1 Communication architecture}{section.A.4}% 89
\BOOKMARK [2][-]{subsection.A.4.2}{A.4.2 Transport protocol and processor packets}{section.A.4}% 90
\BOOKMARK [3][-]{subsubsection.A.4.2.1}{A.4.2.1 Definitions}{subsection.A.4.2}% 91
\BOOKMARK [3][-]{subsubsection.A.4.2.2}{A.4.2.2 Data encoding}{subsection.A.4.2}% 92
\BOOKMARK [3][-]{subsubsection.A.4.2.3}{A.4.2.3 Packets format}{subsection.A.4.2}% 93
\BOOKMARK [3][-]{subsubsection.A.4.2.4}{A.4.2.4 Possible K octets}{subsection.A.4.2}% 94
\BOOKMARK [2][-]{subsection.A.4.3}{A.4.3 Trasport part}{section.A.4}% 95
\BOOKMARK [3][-]{subsubsection.A.4.3.1}{A.4.3.1 Control packet}{subsection.A.4.3}% 96
\BOOKMARK [3][-]{subsubsection.A.4.3.2}{A.4.3.2 Configuration packets}{subsection.A.4.3}% 97
\BOOKMARK [3][-]{subsubsection.A.4.3.3}{A.4.3.3 Monitoring process \(Front End cards \040-TCA\)}{subsection.A.4.3}% 98
\BOOKMARK [3][-]{subsubsection.A.4.3.4}{A.4.3.4 Special command process \(-TCA \040Front End cards\)}{subsection.A.4.3}% 99
\BOOKMARK [2][-]{subsection.A.4.4}{A.4.4 Data packets \(Front End card \040-TCA\)}{section.A.4}% 100
\BOOKMARK [1][-]{section.A.5}{A.5 UDP packets format}{appendix.A}% 101
\BOOKMARK [1][-]{section.A.6}{A.6 Data throughput expected in clinical conditions}{appendix.A}% 102
\BOOKMARK [2][-]{subsection.A.6.1}{A.6.1 Clinical intensities}{section.A.6}% 103
\BOOKMARK [3][-]{subsubsection.A.6.1.1}{A.6.1.1 Review: detector and target sizes}{subsection.A.6.1}% 104
\BOOKMARK [2][-]{subsection.A.6.2}{A.6.2 Coincidence rate}{section.A.6}% 105
\BOOKMARK [2][-]{subsection.A.6.3}{A.6.3 Data flow \(Front End cards \040-TCA\)}{section.A.6}% 106
\BOOKMARK [2][-]{subsection.A.6.4}{A.6.4 Acquisition data flow \(-TCA \040Acquisition PC\)}{section.A.6}% 107
\BOOKMARK [2][-]{subsection.A.6.5}{A.6.5 Conclusions}{section.A.6}% 108
\BOOKMARK [0][]{appendix.B}{B Electronics specifications}{}% 109
\BOOKMARK [0][]{chapter*.62}{Bibliography}{}% 110
